<?xml version="1.0" encoding="UTF-8"?>
<testng-results ignored="0" total="1" passed="1" failed="0" skipped="0">
  <reporter-output>
  </reporter-output>
  <suite started-at="2023-10-08T16:56:11 IST" name="Suite" finished-at="2023-10-08T16:56:16 IST" duration-ms="4820">
    <groups>
    </groups>
    <test started-at="2023-10-08T16:56:11 IST" name="Login Page" finished-at="2023-10-08T16:56:16 IST" duration-ms="4820">
      <class name="Test.Guru99Login">
        <test-method is-config="true" signature="beforeClass()[pri:0, instance:Test.Guru99Login@3a2b2322]" started-at="2023-10-08T16:56:12 IST" name="beforeClass" finished-at="2023-10-08T16:56:12 IST" duration-ms="207" status="PASS">
          <reporter-output>
          </reporter-output>
        </test-method> <!-- beforeClass -->
        <test-method signature="Login()[pri:0, instance:Test.Guru99Login@3a2b2322]" started-at="2023-10-08T16:56:12 IST" name="Login" finished-at="2023-10-08T16:56:16 IST" duration-ms="4009" status="PASS">
          <reporter-output>
          </reporter-output>
        </test-method> <!-- Login -->
        <test-method is-config="true" signature="afterMethod()[pri:0, instance:Test.Guru99Login@3a2b2322]" started-at="2023-10-08T16:56:16 IST" name="afterMethod" finished-at="2023-10-08T16:56:16 IST" duration-ms="0" status="PASS">
          <reporter-output>
          </reporter-output>
        </test-method> <!-- afterMethod -->
      </class> <!-- Test.Guru99Login -->
    </test> <!-- Login Page -->
  </suite> <!-- Suite -->
</testng-results>
